<?xml version="1.0" encoding="UTF-8"?>
<!-- Generated by org.testng.reporters.JUnitXMLReporter -->
<testsuite ignored="0" hostname="ID-PTB-24051401" failures="1" tests="1" name="chrometest" time="24.675" errors="0" timestamp="2025-05-17T21:27:44 IST">
  <testcase classname="com.medimentionTestCase.TC_001_Registration" name="account_Register" time="8.828">
    <failure type="java.lang.AssertionError" message="expected [true] but found [false]">
      <![CDATA[java.lang.AssertionError: expected [true] but found [false]
at com.medimentionTestCase.TC_001_Registration.account_Register(TC_001_Registration.java:52)
at java.base/java.util.ArrayList.forEach(ArrayList.java:1596)
... Removed 29 stack frames]]>
    </failure>
  </testcase> <!-- account_Register -->
</testsuite> <!-- chrometest -->
