<?xml version="1.0" encoding="UTF-8"?>
<!-- Generated by org.testng.reporters.JUnitXMLReporter -->
<testsuite ignored="0" hostname="ID-PTB-24051401" failures="1" tests="18" name="Test" time="177.428" errors="0" timestamp="2025-05-17T21:37:39 IST">
  <testcase classname="com.medimentionTestCase.TC_001_Register_DDT" name="account_Register" time="8.492">
    <failure type="java.lang.AssertionError" message="expected [true] but found [false]">
      <![CDATA[java.lang.AssertionError: expected [true] but found [false]
at com.medimentionTestCase.TC_001_Register_DDT.account_Register(TC_001_Register_DDT.java:47)
at java.base/java.util.ArrayList.forEach(ArrayList.java:1596)
... Removed 29 stack frames]]>
    </failure>
  </testcase> <!-- account_Register -->
  <testcase classname="com.medimentionTestCase.TC_001_Register_DDT" name="account_Register" time="8.975"/>
  <testcase classname="com.medimentionTestCase.TC_001_Register_DDT" name="account_Register" time="9.312"/>
  <testcase classname="com.medimentionTestCase.TC_001_Register_DDT" name="account_Register" time="9.035"/>
  <testcase classname="com.medimentionTestCase.TC_001_Register_DDT" name="account_Register" time="9.211"/>
  <testcase classname="com.medimentionTestCase.TC_001_Register_DDT" name="account_Register" time="8.707"/>
  <testcase classname="com.medimentionTestCase.TC_001_Register_DDT" name="account_Register" time="8.743"/>
  <testcase classname="com.medimentionTestCase.TC_001_Register_DDT" name="account_Register" time="8.675"/>
  <testcase classname="com.medimentionTestCase.TC_001_Register_DDT" name="account_Register" time="8.69"/>
  <testcase classname="com.medimentionTestCase.TC_001_Register_DDT" name="account_Register" time="8.629"/>
  <testcase classname="com.medimentionTestCase.TC_001_Register_DDT" name="account_Register" time="8.851"/>
  <testcase classname="com.medimentionTestCase.TC_001_Register_DDT" name="account_Register" time="9.21"/>
  <testcase classname="com.medimentionTestCase.TC_001_Register_DDT" name="account_Register" time="8.768"/>
  <testcase classname="com.medimentionTestCase.TC_001_Register_DDT" name="account_Register" time="8.816"/>
  <testcase classname="com.medimentionTestCase.TC_001_Register_DDT" name="account_Register" time="8.981"/>
  <testcase classname="com.medimentionTestCase.TC_001_Register_DDT" name="account_Register" time="8.718"/>
  <testcase classname="com.medimentionTestCase.TC_001_Register_DDT" name="account_Register" time="8.883"/>
  <testcase classname="com.medimentionTestCase.TC_001_Register_DDT" name="account_Register" time="9.041"/>
</testsuite> <!-- Test -->
