<?xml version="1.0" encoding="UTF-8"?>
<testng-results ignored="0" total="2" passed="1" failed="1" skipped="0">
  <reporter-output>
  </reporter-output>
  <suite started-at="2025-05-18T10:17:37 IST" name="Suite" finished-at="2025-05-18T10:18:17 IST" duration-ms="40377">
    <groups>
      <group name="Regression">
        <method signature="TC_001_Registration.account_Register()[pri:0, instance:com.medimentionTestCase.TC_001_Registration@30ee2816]" name="account_Register" class="com.medimentionTestCase.TC_001_Registration"/>
        <method signature="TC_001_Registration.account_Register()[pri:0, instance:com.medimentionTestCase.TC_001_Registration@20ce78ec]" name="account_Register" class="com.medimentionTestCase.TC_001_Registration"/>
      </group> <!-- Regression -->
    </groups>
    <test started-at="2025-05-18T10:17:37 IST" name="chrometest" finished-at="2025-05-18T10:17:57 IST" duration-ms="19981">
      <class name="com.medimentionTestCase.TC_001_Registration">
        <test-method is-config="true" signature="setUp(java.lang.String,java.lang.String)[pri:0, instance:com.medimentionTestCase.TC_001_Registration@30ee2816]" started-at="2025-05-18T10:17:37 IST" name="setUp" finished-at="2025-05-18T10:17:51 IST" duration-ms="13925" status="PASS">
          <params>
            <param index="0">
              <value>
                <![CDATA[windows]]>
              </value>
            </param>
            <param index="1">
              <value>
                <![CDATA[chrome]]>
              </value>
            </param>
          </params>
          <reporter-output>
          </reporter-output>
        </test-method> <!-- setUp -->
        <test-method signature="account_Register()[pri:0, instance:com.medimentionTestCase.TC_001_Registration@30ee2816]" started-at="2025-05-18T10:17:51 IST" name="account_Register" finished-at="2025-05-18T10:17:57 IST" duration-ms="5688" status="FAIL">
          <exception class="java.lang.AssertionError">
            <message>
              <![CDATA[expected [true] but found [false]]]>
            </message>
            <full-stacktrace>
              <![CDATA[java.lang.AssertionError: expected [true] but found [false]
at org.testng.Assert.fail(Assert.java:111)
at org.testng.Assert.failNotEquals(Assert.java:1590)
at org.testng.Assert.assertTrue(Assert.java:57)
at org.testng.Assert.assertTrue(Assert.java:67)
at com.medimentionTestCase.TC_001_Registration.account_Register(TC_001_Registration.java:52)
at java.base/jdk.internal.reflect.DirectMethodHandleAccessor.invoke(DirectMethodHandleAccessor.java:104)
at java.base/java.lang.reflect.Method.invoke(Method.java:565)
at org.testng.internal.invokers.MethodInvocationHelper.invokeMethod(MethodInvocationHelper.java:141)
at org.testng.internal.invokers.TestInvoker.invokeMethod(TestInvoker.java:687)
at org.testng.internal.invokers.TestInvoker.invokeTestMethod(TestInvoker.java:230)
at org.testng.internal.invokers.MethodRunner.runInSequence(MethodRunner.java:63)
at org.testng.internal.invokers.TestInvoker$MethodInvocationAgent.invoke(TestInvoker.java:995)
at org.testng.internal.invokers.TestInvoker.invokeTestMethods(TestInvoker.java:203)
at org.testng.internal.invokers.TestMethodWorker.invokeTestMethods(TestMethodWorker.java:154)
at org.testng.internal.invokers.TestMethodWorker.run(TestMethodWorker.java:134)
at java.base/java.util.ArrayList.forEach(ArrayList.java:1604)
at org.testng.TestRunner.privateRun(TestRunner.java:741)
at org.testng.TestRunner.run(TestRunner.java:616)
at org.testng.SuiteRunner.runTest(SuiteRunner.java:421)
at org.testng.SuiteRunner.runSequentially(SuiteRunner.java:413)
at org.testng.SuiteRunner.privateRun(SuiteRunner.java:373)
at org.testng.SuiteRunner.run(SuiteRunner.java:312)
at org.testng.SuiteRunnerWorker.runSuite(SuiteRunnerWorker.java:52)
at org.testng.SuiteRunnerWorker.run(SuiteRunnerWorker.java:95)
at org.testng.TestNG.runSuitesSequentially(TestNG.java:1274)
at org.testng.TestNG.runSuitesLocally(TestNG.java:1208)
at org.testng.TestNG.runSuites(TestNG.java:1112)
at org.testng.TestNG.run(TestNG.java:1079)
at org.apache.maven.surefire.testng.TestNGExecutor.run(TestNGExecutor.java:308)
at org.apache.maven.surefire.testng.TestNGXmlTestSuite.execute(TestNGXmlTestSuite.java:71)
at org.apache.maven.surefire.testng.TestNGProvider.invoke(TestNGProvider.java:113)
at org.apache.maven.surefire.booter.ForkedBooter.runSuitesInProcess(ForkedBooter.java:385)
at org.apache.maven.surefire.booter.ForkedBooter.execute(ForkedBooter.java:162)
at org.apache.maven.surefire.booter.ForkedBooter.run(ForkedBooter.java:507)
at org.apache.maven.surefire.booter.ForkedBooter.main(ForkedBooter.java:495)
]]>
            </full-stacktrace>
          </exception> <!-- java.lang.AssertionError -->
          <reporter-output>
          </reporter-output>
        </test-method> <!-- account_Register -->
        <test-method is-config="true" signature="tearDown()[pri:0, instance:com.medimentionTestCase.TC_001_Registration@30ee2816]" started-at="2025-05-18T10:17:57 IST" name="tearDown" finished-at="2025-05-18T10:17:57 IST" duration-ms="299" status="PASS">
          <reporter-output>
          </reporter-output>
        </test-method> <!-- tearDown -->
      </class> <!-- com.medimentionTestCase.TC_001_Registration -->
    </test> <!-- chrometest -->
    <test started-at="2025-05-18T10:17:57 IST" name="edgetest" finished-at="2025-05-18T10:18:17 IST" duration-ms="20355">
      <class name="com.medimentionTestCase.TC_001_Registration">
        <test-method is-config="true" signature="setUp(java.lang.String,java.lang.String)[pri:0, instance:com.medimentionTestCase.TC_001_Registration@20ce78ec]" started-at="2025-05-18T10:17:57 IST" name="setUp" finished-at="2025-05-18T10:18:10 IST" duration-ms="13172" status="PASS">
          <params>
            <param index="0">
              <value>
                <![CDATA[windows]]>
              </value>
            </param>
            <param index="1">
              <value>
                <![CDATA[edge]]>
              </value>
            </param>
          </params>
          <reporter-output>
          </reporter-output>
        </test-method> <!-- setUp -->
        <test-method signature="account_Register()[pri:0, instance:com.medimentionTestCase.TC_001_Registration@20ce78ec]" started-at="2025-05-18T10:18:10 IST" name="account_Register" finished-at="2025-05-18T10:18:16 IST" duration-ms="5781" status="PASS">
          <reporter-output>
          </reporter-output>
        </test-method> <!-- account_Register -->
        <test-method is-config="true" signature="tearDown()[pri:0, instance:com.medimentionTestCase.TC_001_Registration@20ce78ec]" started-at="2025-05-18T10:18:16 IST" name="tearDown" finished-at="2025-05-18T10:18:17 IST" duration-ms="1399" status="PASS">
          <reporter-output>
          </reporter-output>
        </test-method> <!-- tearDown -->
      </class> <!-- com.medimentionTestCase.TC_001_Registration -->
    </test> <!-- edgetest -->
  </suite> <!-- Suite -->
</testng-results>
